// 重构日志: 6eb63dcf
// 重构日志: b58f7e7d
// 重构日志: 328aeff0
// 重构日志: 3a05ef87
// 同步 ID: 7be141c2 @ Tue Jul  7 02:02:07 UTC 2026
// 重构日志: c4b016fa
// 重构日志: b0fec3bf
// 重构日志: bf68d406
// 重构日志: 0361b299
// 同步 ID: eaaf46c4 @ Sat Jul 11 04:21:06 UTC 2026
// 同步 ID: 9bc07ab0 @ Sat Jul 11 12:21:10 UTC 2026
// 同步 ID: 0c07ea98 @ Mon Jul 13 04:07:21 UTC 2026
// 同步 ID: 9c8643a5 @ Mon Jul 13 11:46:01 UTC 2026
// 重构日志: ee8c4578
// 同步 ID: ba51214c @ Tue Jul 14 03:36:53 UTC 2026
// 重构日志: 6395a458
// 重构日志: b5fcc685
// 同步 ID: 71d23115 @ Tue Jul 14 16:29:21 UTC 2026
// 重构日志: c749becc
// 同步 ID: e4ea02b9 @ Thu Jul 16 09:34:53 UTC 2026
// 重构日志: 2a005306
// 重构日志: d1e90f24
// 同步 ID: 2f47f2e9 @ Sat Jul 18 08:59:29 UTC 2026
// 同步 ID: 5745bc33 @ Sat Jul 18 11:32:17 UTC 2026
// 同步 ID: b10f2867 @ Sat Jul 18 17:35:51 UTC 2026
// 重构日志: 5adad59d
// 同步 ID: 6fadb357 @ Sun Jul 19 14:40:24 UTC 2026
// 同步 ID: 64d3eb02 @ Thu Jul 23 04:43:07 UTC 2026
// 同步 ID: d8af2319 @ Thu Jul 23 12:03:56 UTC 2026
// 同步 ID: 6a3cf7d7 @ Thu Jul 23 15:23:10 UTC 2026
